<?xml version="1.0" encoding="UTF-8"?>
<!-- Generated by org.testng.reporters.JUnitReportReporter -->
<testsuite hostname="DESKTOP-PPJBSJQ" failures="0" tests="2" name="com.qa.testscripts.AutomationAnywhereTest" time="15.352" errors="0" timestamp="2023-08-29T10:53:49 IST" skipped="0">
  <testcase classname="com.qa.testscripts.AutomationAnywhereTest" name="checkLogoPage" time="8.834"/>
  <system-out/>
  <testcase classname="com.qa.testscripts.AutomationAnywhereTest" name="checkRequestDemoPage" time="6.518"/>
  <system-out/>
</testsuite> <!-- com.qa.testscripts.AutomationAnywhereTest -->
